<?xml version="1.0" encoding="UTF-8"?>
<!-- Generated by org.testng.reporters.JUnitXMLReporter -->
<testsuite ignored="0" hostname="LAPTOP-21INO1K8" failures="1" tests="1" name="Test" time="15.782" errors="0" timestamp="2024-10-07T17:42:00 IST">
  <testcase classname="coverFoxTest.TC_123_CoverFox_ValidateBannnerCount" name="validatePolicyCount" time="0.098">
    <failure type="java.lang.AssertionError" message="null">
      <![CDATA[java.lang.AssertionError: null
at coverFoxTest.TC_123_CoverFox_ValidateBannnerCount.validatePolicyCount(TC_123_CoverFox_ValidateBannnerCount.java:79)
at java.base/java.util.ArrayList.forEach(ArrayList.java:1597)
... Removed 27 stack frames]]>
    </failure>
  </testcase> <!-- validatePolicyCount -->
</testsuite> <!-- Test -->
